{
  message: 'Connected to database',
  level: 'info',
  service: 'user-service',
  label: 'PHU-Info',
  timestamp: '2023-06-12T13:33:57.384Z'
}
{
  message: 'Server started on port 5000',
  level: 'info',
  service: 'user-service',
  label: 'PHU-Info',
  timestamp: '2023-06-12T13:33:57.618Z'
}
{
  message: 'Connected to database',
  level: 'info',
  service: 'user-service',
  label: 'PHU-Info',
  timestamp: '2023-06-12T13:37:12.351Z'
}
{
  message: 'Server started on port 5000',
  level: 'info',
  service: 'user-service',
  label: 'PHU-Info',
  timestamp: '2023-06-12T13:37:12.395Z'
}
{
  message: 'Connected to database',
  level: 'info',
  service: 'user-service',
  label: 'PHU-Info',
  timestamp: '2023-06-12T13:37:52.521Z'
}
{
  message: 'Server started on port 5000',
  level: 'info',
  service: 'user-service',
  label: 'PHU-Info',
  timestamp: '2023-06-12T13:37:52.540Z'
}
{
  message: 'Connected to database',
  level: 'info',
  service: 'user-service',
  label: 'PHU-Info',
  timestamp: '2023-06-12T13:38:58.913Z'
}
{
  message: 'Server started on port 5000',
  level: 'info',
  service: 'user-service',
  label: 'PHU-Info',
  timestamp: '2023-06-12T13:38:58.932Z'
}
{
  message: 'Connected to database',
  level: 'info',
  service: 'user-service',
  label: 'PHU-Info',
  timestamp: '2023-06-12T13:39:27.322Z'
}
{
  message: 'Server started on port 5000',
  level: 'info',
  service: 'user-service',
  label: 'PHU-Info',
  timestamp: '2023-06-12T13:39:27.340Z'
}
{
  message: 'Connected to database',
  level: 'info',
  service: 'user-service',
  label: 'PHU-Info',
  timestamp: '2023-06-12T13:39:40.503Z'
}
{
  message: 'Server started on port 5000',
  level: 'info',
  service: 'user-service',
  label: 'PHU-Info',
  timestamp: '2023-06-12T13:39:40.521Z'
}
{
  message: 'Connected to database',
  level: 'info',
  service: 'user-service',
  label: 'PHU-Info',
  timestamp: '2023-06-12T13:40:16.765Z'
}
{
  message: 'Server started on port 5000',
  level: 'info',
  service: 'user-service',
  label: 'PHU-Info',
  timestamp: '2023-06-12T13:40:16.784Z'
}
{
  message: 'Connected to database',
  level: 'info',
  service: 'user-service',
  label: 'PHU-Info',
  timestamp: '2023-06-12T13:44:48.105Z'
}
{
  message: 'Server started on port 5000',
  level: 'info',
  service: 'user-service',
  label: 'PHU-Info',
  timestamp: '2023-06-12T13:44:48.124Z'
}
{
  message: 'Connected to database',
  level: 'info',
  service: 'user-service',
  label: 'PHU-Info',
  timestamp: '2023-06-12T13:46:33.793Z'
}
{
  message: 'Server started on port 5000',
  level: 'info',
  service: 'user-service',
  label: 'PHU-Info',
  timestamp: '2023-06-12T13:46:33.816Z'
}
{
  message: 'Connected to database',
  level: 'info',
  service: 'user-service',
  label: 'PHU-Info',
  timestamp: '2023-06-12T13:46:54.864Z'
}
{
  message: 'Server started on port 5000',
  level: 'info',
  service: 'user-service',
  label: 'PHU-Info',
  timestamp: '2023-06-12T13:46:54.882Z'
}
{
  message: 'Connected to database',
  level: 'info',
  service: 'user-service',
  label: 'PHU-Info',
  timestamp: '2023-06-12T13:48:08.541Z'
}
{
  message: 'Server started on port 5000',
  level: 'info',
  service: 'user-service',
  label: 'PHU-Info',
  timestamp: '2023-06-12T13:48:08.559Z'
}
{
  message: 'Connected to database',
  level: 'info',
  service: 'user-service',
  label: 'PHU-Info',
  timestamp: '2023-06-12T13:50:51.991Z'
}
{
  message: 'Server started on port 5000',
  level: 'info',
  service: 'user-service',
  label: 'PHU-Info',
  timestamp: '2023-06-12T13:50:52.010Z'
}
{
  message: 'Connected to database',
  level: 'info',
  service: 'user-service',
  label: 'PHU-Info',
  timestamp: '2023-06-12T13:53:11.508Z'
}
{
  message: 'Server started on port 5000',
  level: 'info',
  service: 'user-service',
  label: 'PHU-Info',
  timestamp: '2023-06-12T13:53:11.528Z'
}
{
  message: 'Connected to database',
  level: 'info',
  service: 'user-service',
  label: 'PHU-Info',
  timestamp: '2023-06-12T13:53:29.811Z'
}
{
  message: 'Server started on port 5000',
  level: 'info',
  service: 'user-service',
  label: 'PHU-Info',
  timestamp: '2023-06-12T13:53:29.835Z'
}
{
  message: 'Connected to database',
  level: 'info',
  service: 'user-service',
  label: 'PHU-Info',
  timestamp: '2023-06-12T13:57:38.088Z'
}
{
  message: 'Server started on port 5000',
  level: 'info',
  service: 'user-service',
  label: 'PHU-Info',
  timestamp: '2023-06-12T13:57:38.107Z'
}
{
  message: 'Connected to database',
  level: 'info',
  service: 'user-service',
  label: 'PHU-Info',
  timestamp: '2023-06-12T13:57:54.028Z'
}
{
  message: 'Server started on port 5000',
  level: 'info',
  service: 'user-service',
  label: 'PHU-Info',
  timestamp: '2023-06-12T13:57:54.052Z'
}
{
  message: 'Connected to database',
  level: 'info',
  service: 'user-service',
  label: 'PHU-Info',
  timestamp: '2023-06-12T13:59:12.263Z'
}
{
  message: 'Server started on port 5000',
  level: 'info',
  service: 'user-service',
  label: 'PHU-Info',
  timestamp: '2023-06-12T13:59:12.299Z'
}
{
  message: 'Connected to database',
  level: 'info',
  service: 'user-service',
  label: 'PHU-Info',
  timestamp: '2023-06-12T13:59:53.963Z'
}
{
  message: 'Server started on port 5000',
  level: 'info',
  service: 'user-service',
  label: 'PHU-Info',
  timestamp: '2023-06-12T13:59:53.982Z'
}
