{
  message: 'Connected to database',
  level: 'info',
  service: 'user-service',
  label: 'PHU-Info',
  timestamp: '2023-07-08T21:07:56.742Z'
}
{
  message: 'Server started on port 5000',
  level: 'info',
  service: 'user-service',
  label: 'PHU-Info',
  timestamp: '2023-07-08T21:07:56.762Z'
}
{
  message: 'Connected to database',
  level: 'info',
  service: 'user-service',
  label: 'PHU-Info',
  timestamp: '2023-07-08T21:15:28.852Z'
}
{
  message: 'Server started on port 5000',
  level: 'info',
  service: 'user-service',
  label: 'PHU-Info',
  timestamp: '2023-07-08T21:15:28.872Z'
}
